# JRE version: OpenJDK Runtime Environment Temurin-17.0.7+7 (17.0.7+7) (build 17.0.7+7)
# Java VM: OpenJDK 64-Bit Server VM Temurin-17.0.7+7 (17.0.7+7, mixed mode, emulated-client, tiered, compressed oops, compressed class ptrs, g1 gc, windows-amd64)
GC Precious Log:
 CPUs: 4 total, 4 available
 Memory: 8103M
 Large Page Support: Disabled
 NUMA Support: Disabled
 Compressed Oops: Enabled (32-bit)
 Heap Region Size: 1M
 Heap Min Capacity: 8M
 Heap Initial Capacity: 128M
 Heap Max Capacity: 1G
 Pre-touch: Disabled
 Parallel Workers: 4
 Concurrent Workers: 1
 Concurrent Refinement Workers: 4
 Periodic GC: Disabled
Heap:
 garbage-first heap   total 611328K, used 181745K [0x00000000c0000000, 0x0000000100000000)
  region size 1024K, 1 young (1024K), 0 survivors (0K)
 Metaspace       used 77523K, committed 78144K, reserved 1179648K
  class space    used 10198K, committed 10496K, reserved 1048576K
GC Heap History (20 events):
Event: 11150.848 GC heap before
{Heap before GC invocations=1540 (full 791):
 garbage-first heap   total 611328K, used 181745K [0x00000000c0000000, 0x0000000100000000)
  region size 1024K, 1 young (1024K), 0 survivors (0K)
 Metaspace       used 77523K, committed 78144K, reserved 1179648K
  class space    used 10198K, committed 10496K, reserved 1048576K
}
Event: 11151.112 GC heap after
{Heap after GC invocations=1541 (full 792):
 garbage-first heap   total 611328K, used 181745K [0x00000000c0000000, 0x0000000100000000)
  region size 1024K, 0 young (0K), 0 survivors (0K)
 Metaspace       used 77523K, committed 78144K, reserved 1179648K
  class space    used 10198K, committed 10496K, reserved 1048576K
}
Event: 11161.457 GC heap before
{Heap before GC invocations=1541 (full 792):
 garbage-first heap   total 611328K, used 181745K [0x00000000c0000000, 0x0000000100000000)
  region size 1024K, 1 young (1024K), 0 survivors (0K)
 Metaspace       used 77523K, committed 78144K, reserved 1179648K
  class space    used 10198K, committed 10496K, reserved 1048576K
}
Event: 11161.726 GC heap after
{Heap after GC invocations=1542 (full 793):
 garbage-first heap   total 611328K, used 181745K [0x00000000c0000000, 0x0000000100000000)
  region size 1024K, 0 young (0K), 0 survivors (0K)
 Metaspace       used 77523K, committed 78144K, reserved 1179648K
  class space    used 10198K, committed 10496K, reserved 1048576K
}
Event: 11172.046 GC heap before
{Heap before GC invocations=1542 (full 793):
 garbage-first heap   total 611328K, used 181745K [0x00000000c0000000, 0x0000000100000000)
  region size 1024K, 1 young (1024K), 0 survivors (0K)
 Metaspace       used 77523K, committed 78144K, reserved 1179648K
  class space    used 10198K, committed 10496K, reserved 1048576K
}
Event: 11172.324 GC heap after
{Heap after GC invocations=1543 (full 794):
 garbage-first heap   total 611328K, used 181745K [0x00000000c0000000, 0x0000000100000000)
  region size 1024K, 0 young (0K), 0 survivors (0K)
 Metaspace       used 77523K, committed 78144K, reserved 1179648K
  class space    used 10198K, committed 10496K, reserved 1048576K
}
Event: 11182.643 GC heap before
{Heap before GC invocations=1543 (full 794):
 garbage-first heap   total 611328K, used 181745K [0x00000000c0000000, 0x0000000100000000)
  region size 1024K, 1 young (1024K), 0 survivors (0K)
 Metaspace       used 77523K, committed 78144K, reserved 1179648K
  class space    used 10198K, committed 10496K, reserved 1048576K
}
Event: 11182.915 GC heap after
{Heap after GC invocations=1544 (full 795):
 garbage-first heap   total 611328K, used 181745K [0x00000000c0000000, 0x0000000100000000)
  region size 1024K, 0 young (0K), 0 survivors (0K)
 Metaspace       used 77523K, committed 78144K, reserved 1179648K
  class space    used 10198K, committed 10496K, reserved 1048576K
}
Event: 11193.246 GC heap before
{Heap before GC invocations=1544 (full 795):
 garbage-first heap   total 611328K, used 181745K [0x00000000c0000000, 0x0000000100000000)
  region size 1024K, 1 young (1024K), 0 survivors (0K)
 Metaspace       used 77523K, committed 78144K, reserved 1179648K
  class space    used 10198K, committed 10496K, reserved 1048576K
}
Event: 11193.516 GC heap after
{Heap after GC invocations=1545 (full 796):
 garbage-first heap   total 611328K, used 181745K [0x00000000c0000000, 0x0000000100000000)
  region size 1024K, 0 young (0K), 0 survivors (0K)
 Metaspace       used 77523K, committed 78144K, reserved 1179648K
  class space    used 10198K, committed 10496K, reserved 1048576K
}
Event: 11203.848 GC heap before
{Heap before GC invocations=1545 (full 796):
 garbage-first heap   total 611328K, used 181745K [0x00000000c0000000, 0x0000000100000000)
  region size 1024K, 1 young (1024K), 0 survivors (0K)
 Metaspace       used 77523K, committed 78144K, reserved 1179648K
  class space    used 10198K, committed 10496K, reserved 1048576K
}
Event: 11204.115 GC heap after
{Heap after GC invocations=1546 (full 797):
 garbage-first heap   total 611328K, used 181745K [0x00000000c0000000, 0x0000000100000000)
  region size 1024K, 0 young (0K), 0 survivors (0K)
 Metaspace       used 77523K, committed 78144K, reserved 1179648K
  class space    used 10198K, committed 10496K, reserved 1048576K
}
Event: 11214.463 GC heap before
{Heap before GC invocations=1546 (full 797):
 garbage-first heap   total 611328K, used 181745K [0x00000000c0000000, 0x0000000100000000)
  region size 1024K, 1 young (1024K), 0 survivors (0K)
 Metaspace       used 77523K, committed 78144K, reserved 1179648K
  class space    used 10198K, committed 10496K, reserved 1048576K
}
Event: 11214.727 GC heap after
{Heap after GC invocations=1547 (full 798):
 garbage-first heap   total 611328K, used 181745K [0x00000000c0000000, 0x0000000100000000)
  region size 1024K, 0 young (0K), 0 survivors (0K)
 Metaspace       used 77523K, committed 78144K, reserved 1179648K
  class space    used 10198K, committed 10496K, reserved 1048576K
}
Event: 11225.043 GC heap before
{Heap before GC invocations=1547 (full 798):
 garbage-first heap   total 611328K, used 181745K [0x00000000c0000000, 0x0000000100000000)
  region size 1024K, 1 young (1024K), 0 survivors (0K)
 Metaspace       used 77523K, committed 78144K, reserved 1179648K
  class space    used 10198K, committed 10496K, reserved 1048576K
}
Event: 11225.314 GC heap after
{Heap after GC invocations=1548 (full 799):
 garbage-first heap   total 611328K, used 181745K [0x00000000c0000000, 0x0000000100000000)
  region size 1024K, 0 young (0K), 0 survivors (0K)
 Metaspace       used 77523K, committed 78144K, reserved 1179648K
  class space    used 10198K, committed 10496K, reserved 1048576K
}
Event: 11235.647 GC heap before
{Heap before GC invocations=1548 (full 799):
 garbage-first heap   total 611328K, used 181745K [0x00000000c0000000, 0x0000000100000000)
  region size 1024K, 1 young (1024K), 0 survivors (0K)
 Metaspace       used 77523K, committed 78144K, reserved 1179648K
  class space    used 10198K, committed 10496K, reserved 1048576K
}
Event: 11235.911 GC heap after
{Heap after GC invocations=1549 (full 800):
 garbage-first heap   total 611328K, used 181745K [0x00000000c0000000, 0x0000000100000000)
  region size 1024K, 0 young (0K), 0 survivors (0K)
 Metaspace       used 77523K, committed 78144K, reserved 1179648K
  class space    used 10198K, committed 10496K, reserved 1048576K
}
Event: 11246.178 GC heap before
{Heap before GC invocations=1549 (full 800):
 garbage-first heap   total 611328K, used 181745K [0x00000000c0000000, 0x0000000100000000)
  region size 1024K, 1 young (1024K), 0 survivors (0K)
 Metaspace       used 77523K, committed 78144K, reserved 1179648K
  class space    used 10198K, committed 10496K, reserved 1048576K
}
Event: 11246.447 GC heap after
{Heap after GC invocations=1550 (full 801):
 garbage-first heap   total 611328K, used 181745K [0x00000000c0000000, 0x0000000100000000)
  region size 1024K, 0 young (0K), 0 survivors (0K)
 Metaspace       used 77523K, committed 78144K, reserved 1179648K
  class space    used 10198K, committed 10496K, reserved 1048576K
}

